{"__type":"$$EventMessageAudit","id":"6785bf77-8f36-4e3d-9443-ee72baf37ebc","ts":"2025-11-01T14:47:24.048+00:00","eventName":"n8n.audit.workflow.created","message":"n8n.audit.workflow.created","payload":{"userId":"3c15bd74-7a19-4d06-8c0c-dd7dcbdf743c","_email":"toliveir123@gmail.com","_firstName":"tiago","_lastName":"oliveira","globalRole":"global:owner","workflowId":"JbY57HKwDCtOf3cl","workflowName":"My workflow"}}
{"__type":"$$EventMessageConfirm","confirm":"6785bf77-8f36-4e3d-9443-ee72baf37ebc","ts":"2025-11-01T14:47:24.049+00:00","source":{"id":"0","name":"eventBus"}}
{"__type":"$$EventMessageWorkflow","id":"113b7106-0acc-432f-96c7-bbdb17c83baf","ts":"2025-11-01T14:47:24.252+00:00","eventName":"n8n.workflow.started","message":"n8n.workflow.started","payload":{"executionId":"1","workflowId":"JbY57HKwDCtOf3cl","isManual":false,"workflowName":"My workflow"}}
{"__type":"$$EventMessageConfirm","confirm":"113b7106-0acc-432f-96c7-bbdb17c83baf","ts":"2025-11-01T14:47:24.253+00:00","source":{"id":"0","name":"eventBus"}}
{"__type":"$$EventMessageNode","id":"b5bb9c98-b2ed-4c1f-a617-470d89fb2f23","ts":"2025-11-01T14:47:24.254+00:00","eventName":"n8n.node.started","message":"n8n.node.started","payload":{"workflowId":"JbY57HKwDCtOf3cl","workflowName":"My workflow","executionId":"1","nodeType":"n8n-nodes-base.manualTrigger","nodeName":"When clicking ‘Execute workflow’","nodeId":"d8c456f5-ddaa-4162-abdc-aa1df9804c75"}}
{"__type":"$$EventMessageConfirm","confirm":"b5bb9c98-b2ed-4c1f-a617-470d89fb2f23","ts":"2025-11-01T14:47:24.255+00:00","source":{"id":"0","name":"eventBus"}}
{"__type":"$$EventMessageNode","id":"a3df2b10-9524-4b68-ba6c-0dff3082c41c","ts":"2025-11-01T14:47:24.259+00:00","eventName":"n8n.node.finished","message":"n8n.node.finished","payload":{"workflowId":"JbY57HKwDCtOf3cl","workflowName":"My workflow","executionId":"1","nodeType":"n8n-nodes-base.manualTrigger","nodeName":"When clicking ‘Execute workflow’","nodeId":"d8c456f5-ddaa-4162-abdc-aa1df9804c75"}}
{"__type":"$$EventMessageConfirm","confirm":"a3df2b10-9524-4b68-ba6c-0dff3082c41c","ts":"2025-11-01T14:47:24.259+00:00","source":{"id":"0","name":"eventBus"}}
{"__type":"$$EventMessageWorkflow","id":"098a5e26-b740-4096-b741-9359d7e95b4e","ts":"2025-11-01T14:47:24.264+00:00","eventName":"n8n.workflow.success","message":"n8n.workflow.success","payload":{"userId":"3c15bd74-7a19-4d06-8c0c-dd7dcbdf743c","executionId":"1","success":true,"isManual":true,"workflowId":"JbY57HKwDCtOf3cl","workflowName":"My workflow"}}
{"__type":"$$EventMessageConfirm","confirm":"098a5e26-b740-4096-b741-9359d7e95b4e","ts":"2025-11-01T14:47:24.264+00:00","source":{"id":"0","name":"eventBus"}}
{"__type":"$$EventMessageWorkflow","id":"dd14642b-d953-4a2d-9b3a-675e48947871","ts":"2025-11-01T14:48:34.631+00:00","eventName":"n8n.workflow.started","message":"n8n.workflow.started","payload":{"executionId":"2","workflowId":"JbY57HKwDCtOf3cl","isManual":false,"workflowName":"My workflow"}}
{"__type":"$$EventMessageConfirm","confirm":"dd14642b-d953-4a2d-9b3a-675e48947871","ts":"2025-11-01T14:48:34.631+00:00","source":{"id":"0","name":"eventBus"}}
{"__type":"$$EventMessageNode","id":"3293941c-9efc-420e-9c9e-dda4a63af6d8","ts":"2025-11-01T14:48:34.632+00:00","eventName":"n8n.node.started","message":"n8n.node.started","payload":{"workflowId":"JbY57HKwDCtOf3cl","workflowName":"My workflow","executionId":"2","nodeType":"n8n-nodes-base.dateTime","nodeName":"Date & Time","nodeId":"3b899d79-fa68-43a4-9cab-9de58fed100e"}}
{"__type":"$$EventMessageConfirm","confirm":"3293941c-9efc-420e-9c9e-dda4a63af6d8","ts":"2025-11-01T14:48:34.633+00:00","source":{"id":"0","name":"eventBus"}}
{"__type":"$$EventMessageNode","id":"cf26d8a1-2cb6-4ea7-b50d-73336d8c544e","ts":"2025-11-01T14:48:34.641+00:00","eventName":"n8n.node.finished","message":"n8n.node.finished","payload":{"workflowId":"JbY57HKwDCtOf3cl","workflowName":"My workflow","executionId":"2","nodeType":"n8n-nodes-base.dateTime","nodeName":"Date & Time","nodeId":"3b899d79-fa68-43a4-9cab-9de58fed100e"}}
{"__type":"$$EventMessageConfirm","confirm":"cf26d8a1-2cb6-4ea7-b50d-73336d8c544e","ts":"2025-11-01T14:48:34.642+00:00","source":{"id":"0","name":"eventBus"}}
{"__type":"$$EventMessageWorkflow","id":"049abbff-ffc0-4397-bc5b-21b8f4397f18","ts":"2025-11-01T14:48:34.644+00:00","eventName":"n8n.workflow.success","message":"n8n.workflow.success","payload":{"userId":"3c15bd74-7a19-4d06-8c0c-dd7dcbdf743c","executionId":"2","success":true,"isManual":true,"workflowId":"JbY57HKwDCtOf3cl","workflowName":"My workflow"}}
{"__type":"$$EventMessageConfirm","confirm":"049abbff-ffc0-4397-bc5b-21b8f4397f18","ts":"2025-11-01T14:48:34.645+00:00","source":{"id":"0","name":"eventBus"}}
{"__type":"$$EventMessageWorkflow","id":"826545ef-d737-4ec7-b8ac-97c534bd978d","ts":"2025-11-01T14:48:36.276+00:00","eventName":"n8n.workflow.started","message":"n8n.workflow.started","payload":{"executionId":"3","workflowId":"JbY57HKwDCtOf3cl","isManual":false,"workflowName":"My workflow"}}
{"__type":"$$EventMessageConfirm","confirm":"826545ef-d737-4ec7-b8ac-97c534bd978d","ts":"2025-11-01T14:48:36.277+00:00","source":{"id":"0","name":"eventBus"}}
{"__type":"$$EventMessageNode","id":"8cb86bd6-e774-4558-9ab8-ef860777f549","ts":"2025-11-01T14:48:36.277+00:00","eventName":"n8n.node.started","message":"n8n.node.started","payload":{"workflowId":"JbY57HKwDCtOf3cl","workflowName":"My workflow","executionId":"3","nodeType":"n8n-nodes-base.dateTime","nodeName":"Date & Time","nodeId":"3b899d79-fa68-43a4-9cab-9de58fed100e"}}
{"__type":"$$EventMessageConfirm","confirm":"8cb86bd6-e774-4558-9ab8-ef860777f549","ts":"2025-11-01T14:48:36.278+00:00","source":{"id":"0","name":"eventBus"}}
{"__type":"$$EventMessageNode","id":"cf5f7d1b-6297-4c64-9f92-fec27d10ccfd","ts":"2025-11-01T14:48:36.281+00:00","eventName":"n8n.node.finished","message":"n8n.node.finished","payload":{"workflowId":"JbY57HKwDCtOf3cl","workflowName":"My workflow","executionId":"3","nodeType":"n8n-nodes-base.dateTime","nodeName":"Date & Time","nodeId":"3b899d79-fa68-43a4-9cab-9de58fed100e"}}
{"__type":"$$EventMessageConfirm","confirm":"cf5f7d1b-6297-4c64-9f92-fec27d10ccfd","ts":"2025-11-01T14:48:36.281+00:00","source":{"id":"0","name":"eventBus"}}
{"__type":"$$EventMessageWorkflow","id":"fb907767-180a-4485-8008-7ce28f62ecfe","ts":"2025-11-01T14:48:36.285+00:00","eventName":"n8n.workflow.success","message":"n8n.workflow.success","payload":{"userId":"3c15bd74-7a19-4d06-8c0c-dd7dcbdf743c","executionId":"3","success":true,"isManual":true,"workflowId":"JbY57HKwDCtOf3cl","workflowName":"My workflow"}}
{"__type":"$$EventMessageConfirm","confirm":"fb907767-180a-4485-8008-7ce28f62ecfe","ts":"2025-11-01T14:48:36.285+00:00","source":{"id":"0","name":"eventBus"}}
{"__type":"$$EventMessageWorkflow","id":"e18914ba-2a97-46bf-ad0e-e4850f5d4ca6","ts":"2025-11-01T14:48:40.009+00:00","eventName":"n8n.workflow.started","message":"n8n.workflow.started","payload":{"executionId":"4","workflowId":"JbY57HKwDCtOf3cl","isManual":false,"workflowName":"My workflow"}}
{"__type":"$$EventMessageConfirm","confirm":"e18914ba-2a97-46bf-ad0e-e4850f5d4ca6","ts":"2025-11-01T14:48:40.009+00:00","source":{"id":"0","name":"eventBus"}}
{"__type":"$$EventMessageNode","id":"0e130416-aaa6-4b39-a5a6-4c23f3682432","ts":"2025-11-01T14:48:40.010+00:00","eventName":"n8n.node.started","message":"n8n.node.started","payload":{"workflowId":"JbY57HKwDCtOf3cl","workflowName":"My workflow","executionId":"4","nodeType":"n8n-nodes-base.manualTrigger","nodeName":"When clicking ‘Execute workflow’","nodeId":"d8c456f5-ddaa-4162-abdc-aa1df9804c75"}}
{"__type":"$$EventMessageConfirm","confirm":"0e130416-aaa6-4b39-a5a6-4c23f3682432","ts":"2025-11-01T14:48:40.010+00:00","source":{"id":"0","name":"eventBus"}}
{"__type":"$$EventMessageNode","id":"5563036f-e3b7-428c-8598-4d82c0dda12c","ts":"2025-11-01T14:48:40.012+00:00","eventName":"n8n.node.finished","message":"n8n.node.finished","payload":{"workflowId":"JbY57HKwDCtOf3cl","workflowName":"My workflow","executionId":"4","nodeType":"n8n-nodes-base.manualTrigger","nodeName":"When clicking ‘Execute workflow’","nodeId":"d8c456f5-ddaa-4162-abdc-aa1df9804c75"}}
{"__type":"$$EventMessageConfirm","confirm":"5563036f-e3b7-428c-8598-4d82c0dda12c","ts":"2025-11-01T14:48:40.012+00:00","source":{"id":"0","name":"eventBus"}}
{"__type":"$$EventMessageNode","id":"59635701-3740-473f-924e-9afe6f2673b8","ts":"2025-11-01T14:48:40.013+00:00","eventName":"n8n.node.started","message":"n8n.node.started","payload":{"workflowId":"JbY57HKwDCtOf3cl","workflowName":"My workflow","executionId":"4","nodeType":"n8n-nodes-base.dateTime","nodeName":"Date & Time","nodeId":"3b899d79-fa68-43a4-9cab-9de58fed100e"}}
{"__type":"$$EventMessageConfirm","confirm":"59635701-3740-473f-924e-9afe6f2673b8","ts":"2025-11-01T14:48:40.013+00:00","source":{"id":"0","name":"eventBus"}}
{"__type":"$$EventMessageNode","id":"d13274c7-a7b0-494c-8d0f-785df8cde3ec","ts":"2025-11-01T14:48:40.016+00:00","eventName":"n8n.node.finished","message":"n8n.node.finished","payload":{"workflowId":"JbY57HKwDCtOf3cl","workflowName":"My workflow","executionId":"4","nodeType":"n8n-nodes-base.dateTime","nodeName":"Date & Time","nodeId":"3b899d79-fa68-43a4-9cab-9de58fed100e"}}
{"__type":"$$EventMessageConfirm","confirm":"d13274c7-a7b0-494c-8d0f-785df8cde3ec","ts":"2025-11-01T14:48:40.016+00:00","source":{"id":"0","name":"eventBus"}}
{"__type":"$$EventMessageWorkflow","id":"7ef0fba3-b68f-49f2-9c89-bfa56601035b","ts":"2025-11-01T14:48:40.020+00:00","eventName":"n8n.workflow.success","message":"n8n.workflow.success","payload":{"userId":"3c15bd74-7a19-4d06-8c0c-dd7dcbdf743c","executionId":"4","success":true,"isManual":true,"workflowId":"JbY57HKwDCtOf3cl","workflowName":"My workflow"}}
{"__type":"$$EventMessageConfirm","confirm":"7ef0fba3-b68f-49f2-9c89-bfa56601035b","ts":"2025-11-01T14:48:40.021+00:00","source":{"id":"0","name":"eventBus"}}
{"__type":"$$EventMessageWorkflow","id":"9531ae9e-c70c-4f87-96bc-53c7d64760f4","ts":"2025-11-01T15:46:34.293+00:00","eventName":"n8n.workflow.started","message":"n8n.workflow.started","payload":{"executionId":"5","workflowId":"JbY57HKwDCtOf3cl","isManual":false,"workflowName":"My workflow"}}
{"__type":"$$EventMessageConfirm","confirm":"9531ae9e-c70c-4f87-96bc-53c7d64760f4","ts":"2025-11-01T15:46:34.293+00:00","source":{"id":"0","name":"eventBus"}}
{"__type":"$$EventMessageNode","id":"874bcf85-c9c8-4c8b-b17f-81acf5be8696","ts":"2025-11-01T15:46:34.294+00:00","eventName":"n8n.node.started","message":"n8n.node.started","payload":{"workflowId":"JbY57HKwDCtOf3cl","workflowName":"My workflow","executionId":"5","nodeType":"n8n-nodes-base.manualTrigger","nodeName":"When clicking ‘Execute workflow’","nodeId":"d8c456f5-ddaa-4162-abdc-aa1df9804c75"}}
{"__type":"$$EventMessageConfirm","confirm":"874bcf85-c9c8-4c8b-b17f-81acf5be8696","ts":"2025-11-01T15:46:34.294+00:00","source":{"id":"0","name":"eventBus"}}
{"__type":"$$EventMessageNode","id":"de1bc86d-f0e0-488e-b974-fc15e573ff46","ts":"2025-11-01T15:46:34.296+00:00","eventName":"n8n.node.finished","message":"n8n.node.finished","payload":{"workflowId":"JbY57HKwDCtOf3cl","workflowName":"My workflow","executionId":"5","nodeType":"n8n-nodes-base.manualTrigger","nodeName":"When clicking ‘Execute workflow’","nodeId":"d8c456f5-ddaa-4162-abdc-aa1df9804c75"}}
{"__type":"$$EventMessageConfirm","confirm":"de1bc86d-f0e0-488e-b974-fc15e573ff46","ts":"2025-11-01T15:46:34.297+00:00","source":{"id":"0","name":"eventBus"}}
{"__type":"$$EventMessageNode","id":"3433fca4-8f76-4b2e-bf83-e680c9eb93ed","ts":"2025-11-01T15:46:34.298+00:00","eventName":"n8n.node.started","message":"n8n.node.started","payload":{"workflowId":"JbY57HKwDCtOf3cl","workflowName":"My workflow","executionId":"5","nodeType":"n8n-nodes-base.dateTime","nodeName":"Date & Time","nodeId":"3b899d79-fa68-43a4-9cab-9de58fed100e"}}
{"__type":"$$EventMessageConfirm","confirm":"3433fca4-8f76-4b2e-bf83-e680c9eb93ed","ts":"2025-11-01T15:46:34.298+00:00","source":{"id":"0","name":"eventBus"}}
{"__type":"$$EventMessageNode","id":"ce22fca5-4d2e-4160-ab70-fbc3036ba750","ts":"2025-11-01T15:46:34.300+00:00","eventName":"n8n.node.finished","message":"n8n.node.finished","payload":{"workflowId":"JbY57HKwDCtOf3cl","workflowName":"My workflow","executionId":"5","nodeType":"n8n-nodes-base.dateTime","nodeName":"Date & Time","nodeId":"3b899d79-fa68-43a4-9cab-9de58fed100e"}}
{"__type":"$$EventMessageConfirm","confirm":"ce22fca5-4d2e-4160-ab70-fbc3036ba750","ts":"2025-11-01T15:46:34.301+00:00","source":{"id":"0","name":"eventBus"}}
{"__type":"$$EventMessageWorkflow","id":"b324e927-04dc-4ce6-ace9-e91aaefade1d","ts":"2025-11-01T15:46:34.304+00:00","eventName":"n8n.workflow.success","message":"n8n.workflow.success","payload":{"userId":"3c15bd74-7a19-4d06-8c0c-dd7dcbdf743c","executionId":"5","success":true,"isManual":true,"workflowId":"JbY57HKwDCtOf3cl","workflowName":"My workflow"}}
{"__type":"$$EventMessageConfirm","confirm":"b324e927-04dc-4ce6-ace9-e91aaefade1d","ts":"2025-11-01T15:46:34.304+00:00","source":{"id":"0","name":"eventBus"}}
{"__type":"$$EventMessageAudit","id":"0466f71d-4aa7-4d16-9ddf-bc1190b56e0d","ts":"2025-11-01T15:46:54.653+00:00","eventName":"n8n.audit.workflow.updated","message":"n8n.audit.workflow.updated","payload":{"userId":"3c15bd74-7a19-4d06-8c0c-dd7dcbdf743c","_email":"toliveir123@gmail.com","_firstName":"tiago","_lastName":"oliveira","globalRole":"global:owner","workflowId":"JbY57HKwDCtOf3cl","workflowName":"Curso"}}
{"__type":"$$EventMessageConfirm","confirm":"0466f71d-4aa7-4d16-9ddf-bc1190b56e0d","ts":"2025-11-01T15:46:54.653+00:00","source":{"id":"0","name":"eventBus"}}
{"__type":"$$EventMessageAudit","id":"9c738671-101f-4192-9339-88dcf9a9d62e","ts":"2025-11-01T15:47:17.223+00:00","eventName":"n8n.audit.workflow.updated","message":"n8n.audit.workflow.updated","payload":{"userId":"3c15bd74-7a19-4d06-8c0c-dd7dcbdf743c","_email":"toliveir123@gmail.com","_firstName":"tiago","_lastName":"oliveira","globalRole":"global:owner","workflowId":"JbY57HKwDCtOf3cl","workflowName":"Curso"}}
{"__type":"$$EventMessageConfirm","confirm":"9c738671-101f-4192-9339-88dcf9a9d62e","ts":"2025-11-01T15:47:17.223+00:00","source":{"id":"0","name":"eventBus"}}
{"__type":"$$EventMessageAudit","id":"4787cbbf-5f4e-4b17-b1e1-96707c9aedf6","ts":"2025-11-01T16:07:13.240+00:00","eventName":"n8n.audit.workflow.updated","message":"n8n.audit.workflow.updated","payload":{"userId":"3c15bd74-7a19-4d06-8c0c-dd7dcbdf743c","_email":"toliveir123@gmail.com","_firstName":"tiago","_lastName":"oliveira","globalRole":"global:owner","workflowId":"JbY57HKwDCtOf3cl","workflowName":"Curso"}}
{"__type":"$$EventMessageConfirm","confirm":"4787cbbf-5f4e-4b17-b1e1-96707c9aedf6","ts":"2025-11-01T16:07:13.240+00:00","source":{"id":"0","name":"eventBus"}}
{"__type":"$$EventMessageAudit","id":"6a15f138-b2fb-4774-b82d-28eb86f00c53","ts":"2025-11-01T16:11:35.218+00:00","eventName":"n8n.audit.package.installed","message":"n8n.audit.package.installed","payload":{"userId":"3c15bd74-7a19-4d06-8c0c-dd7dcbdf743c","_email":"toliveir123@gmail.com","_firstName":"tiago","_lastName":"oliveira","globalRole":"global:owner","inputString":"n8n-nodes-evolution-api","packageName":"n8n-nodes-evolution-api","success":true,"packageNodeNames":["Evolution API"],"packageAuthor":"OrionDesign","packageAuthorEmail":"contato@oriondesign.art.br"}}
{"__type":"$$EventMessageConfirm","confirm":"6a15f138-b2fb-4774-b82d-28eb86f00c53","ts":"2025-11-01T16:11:35.218+00:00","source":{"id":"0","name":"eventBus"}}
{"__type":"$$EventMessageAudit","id":"fa6c0dbc-6a98-4b4a-8f62-7ea67d16179a","ts":"2025-11-01T16:13:36.783+00:00","eventName":"n8n.audit.user.credentials.created","message":"n8n.audit.user.credentials.created","payload":{"userId":"3c15bd74-7a19-4d06-8c0c-dd7dcbdf743c","_email":"toliveir123@gmail.com","_firstName":"tiago","_lastName":"oliveira","globalRole":"global:owner","credentialType":"evolutionApi","credentialId":"XY8J6oM7ZS8oQPpS","publicApi":false,"projectId":"DoHokGXUJ9kCUtYm","projectType":"personal"}}
{"__type":"$$EventMessageConfirm","confirm":"fa6c0dbc-6a98-4b4a-8f62-7ea67d16179a","ts":"2025-11-01T16:13:36.784+00:00","source":{"id":"0","name":"eventBus"}}
